<?xml version="1.0" encoding="UTF-8"?>
<!-- Generated by org.testng.reporters.JUnitReportReporter -->
<testsuite hostname="Preeths-MBP-2.routerlogin.net" failures="0" tests="1" name="e2eTestingPWC_AID.e2eCodePWCAddtl" time="139.996" errors="0" timestamp="2022-10-25T11:36:27 PDT" skipped="0">
  <testcase classname="e2eTestingPWC_AID.e2eCodePWCAddtl" name="runBlazeMeterEnhanced" time="139.996"/>
  <system-out/>
</testsuite> <!-- e2eTestingPWC_AID.e2eCodePWCAddtl -->
